<?xml version="1.0" encoding="UTF-8"?>
<!-- Generated by org.testng.reporters.JUnitReportReporter -->
<testsuite hostname="Chitras-Air" name="WedriverTest.WedriverTest.Test1" tests="2" failures="0" timestamp="30 Sep 2017 01:49:31 GMT" time="4.931" errors="0">
  <testcase name="TC2" time="1.641" classname="WedriverTest.WedriverTest.Test1"/>
  <testcase name="TC1" time="3.290" classname="WedriverTest.WedriverTest.Test1"/>
</testsuite> <!-- WedriverTest.WedriverTest.Test1 -->
